000 (54921663.000.000) 2026-03-31 08:05:59 Job submitted from host: <10.14.0.121:9618?addrs=10.14.0.121-9618&alias=ldas-pcdev12.ligo.caltech.edu&noUDP&sock=schedd_7405_cae4>
...
001 (54921663.000.000) 2026-03-31 08:06:59 Job executing on host: <10.14.4.78:9618?addrs=10.14.4.78-9618&alias=node828.cluster.ldas.cit&noUDP&sock=startd_2670_f9f5>
	SlotName: slot1_17@node828.cluster.ldas.cit
	CondorScratchDir = "/var/lib/condor/execute/dir_3847331"
	Cpus = 8
	Disk = 1048576
	GPUs = 0
	Memory = 30720
...
006 (54921663.000.000) 2026-03-31 08:07:08 Image size of job updated: 108680
	107  -  MemoryUsage of job (MB)
	108680  -  ResidentSetSize of job (KB)
...
006 (54921663.000.000) 2026-03-31 08:07:15 Image size of job updated: 235548
	107  -  MemoryUsage of job (MB)
	108928  -  ResidentSetSize of job (KB)
...
005 (54921663.000.000) 2026-03-31 08:07:15 Job terminated.
	(1) Normal termination (return value 1)
		Usr 0 00:00:04, Sys 0 00:00:01  -  Run Remote Usage
		Usr 0 00:00:00, Sys 0 00:00:00  -  Run Local Usage
		Usr 0 00:00:04, Sys 0 00:00:01  -  Total Remote Usage
		Usr 0 00:00:00, Sys 0 00:00:00  -  Total Local Usage
	0  -  Run Bytes Sent By Job
	0  -  Run Bytes Received By Job
	0  -  Total Bytes Sent By Job
	0  -  Total Bytes Received By Job
	Partitionable Resources :    Usage  Request Allocated 
	   Cpus                 :                 8         8 
	   Disk (KB)            :    17500  1048576   1048576 
	   GPUs                 :                           0 
	   Memory (MB)          :      107    30720     30720 
	   TimeExecute (s)      :       16                    
	   TimeSlotBusy (s)     :       16                    
...
000 (54921666.000.000) 2026-03-31 08:21:33 Job submitted from host: <10.14.0.121:9618?addrs=10.14.0.121-9618&alias=ldas-pcdev12.ligo.caltech.edu&noUDP&sock=schedd_7405_cae4>
...
001 (54921666.000.000) 2026-03-31 08:29:11 Job executing on host: <10.14.10.34:9618?addrs=10.14.10.34-9618&alias=node2284.cluster.ldas.cit&noUDP&sock=startd_7989_5e33>
	SlotName: slot1_6@node2284.cluster.ldas.cit
	CondorScratchDir = "/var/lib/condor/execute/dir_3828302"
	Cpus = 8
	Disk = 1048576
	GPUs = 0
	Memory = 30720
...
006 (54921666.000.000) 2026-03-31 08:29:19 Image size of job updated: 206372
	202  -  MemoryUsage of job (MB)
	206372  -  ResidentSetSize of job (KB)
...
006 (54921666.000.000) 2026-03-31 08:34:19 Image size of job updated: 7846064
	7651  -  MemoryUsage of job (MB)
	7834196  -  ResidentSetSize of job (KB)
...
023 (54921666.000.000) 2026-03-31 08:40:03 Job reconnected to slot1_6@node2284.cluster.ldas.cit
    startd address: <10.14.10.34:9618?addrs=10.14.10.34-9618&alias=node2284.cluster.ldas.cit&noUDP&sock=startd_7989_5e33>
    starter address: <10.14.10.34:9618?addrs=10.14.10.34-9618&alias=node2284.cluster.ldas.cit&noUDP&sock=slot1_6_3242088_09f8_6209>
...
006 (54921666.000.000) 2026-03-31 08:44:21 Image size of job updated: 7854456
	7651  -  MemoryUsage of job (MB)
	7834212  -  ResidentSetSize of job (KB)
...
006 (54921666.000.000) 2026-03-31 08:49:21 Image size of job updated: 7854956
	7665  -  MemoryUsage of job (MB)
	7848664  -  ResidentSetSize of job (KB)
...
006 (54921666.000.000) 2026-03-31 08:54:22 Image size of job updated: 7857792
	7666  -  MemoryUsage of job (MB)
	7849424  -  ResidentSetSize of job (KB)
...
006 (54921666.000.000) 2026-03-31 08:59:22 Image size of job updated: 7859680
	7666  -  MemoryUsage of job (MB)
	7849448  -  ResidentSetSize of job (KB)
...
006 (54921666.000.000) 2026-03-31 09:04:22 Image size of job updated: 7860708
	7676  -  MemoryUsage of job (MB)
	7859612  -  ResidentSetSize of job (KB)
...
006 (54921666.000.000) 2026-03-31 09:09:23 Image size of job updated: 7863264
	7676  -  MemoryUsage of job (MB)
	7859612  -  ResidentSetSize of job (KB)
...
006 (54921666.000.000) 2026-03-31 09:14:23 Image size of job updated: 7863264
	7679  -  MemoryUsage of job (MB)
	7862512  -  ResidentSetSize of job (KB)
...
006 (54921666.000.000) 2026-03-31 09:19:24 Image size of job updated: 7865376
	7679  -  MemoryUsage of job (MB)
	7862512  -  ResidentSetSize of job (KB)
...
006 (54921666.000.000) 2026-03-31 09:24:25 Image size of job updated: 7866688
	7679  -  MemoryUsage of job (MB)
	7862512  -  ResidentSetSize of job (KB)
...
006 (54921666.000.000) 2026-03-31 09:29:25 Image size of job updated: 7867888
	7683  -  MemoryUsage of job (MB)
	7866996  -  ResidentSetSize of job (KB)
...
006 (54921666.000.000) 2026-03-31 09:34:26 Image size of job updated: 7868380
	7683  -  MemoryUsage of job (MB)
	7866996  -  ResidentSetSize of job (KB)
...
006 (54921666.000.000) 2026-03-31 09:39:27 Image size of job updated: 7870968
	7683  -  MemoryUsage of job (MB)
	7866996  -  ResidentSetSize of job (KB)
...
006 (54921666.000.000) 2026-03-31 09:49:28 Image size of job updated: 7870996
	7687  -  MemoryUsage of job (MB)
	7870996  -  ResidentSetSize of job (KB)
...
006 (54921666.000.000) 2026-03-31 09:54:29 Image size of job updated: 7879232
	7689  -  MemoryUsage of job (MB)
	7873468  -  ResidentSetSize of job (KB)
...
006 (54921666.000.000) 2026-03-31 09:59:29 Image size of job updated: 7916780
	7732  -  MemoryUsage of job (MB)
	7916780  -  ResidentSetSize of job (KB)
...
006 (54921666.000.000) 2026-03-31 10:04:30 Image size of job updated: 7937308
	7751  -  MemoryUsage of job (MB)
	7936796  -  ResidentSetSize of job (KB)
...
006 (54921666.000.000) 2026-03-31 10:09:31 Image size of job updated: 7950532
	7762  -  MemoryUsage of job (MB)
	7947376  -  ResidentSetSize of job (KB)
...
006 (54921666.000.000) 2026-03-31 10:14:31 Image size of job updated: 7953352
	7762  -  MemoryUsage of job (MB)
	7947376  -  ResidentSetSize of job (KB)
...
006 (54921666.000.000) 2026-03-31 10:19:32 Image size of job updated: 7957012
	7768  -  MemoryUsage of job (MB)
	7953636  -  ResidentSetSize of job (KB)
...
006 (54921666.000.000) 2026-03-31 10:24:33 Image size of job updated: 7965932
	7771  -  MemoryUsage of job (MB)
	7956612  -  ResidentSetSize of job (KB)
...
006 (54921666.000.000) 2026-03-31 10:29:33 Image size of job updated: 7972232
	7782  -  MemoryUsage of job (MB)
	7968116  -  ResidentSetSize of job (KB)
...
006 (54921666.000.000) 2026-03-31 10:34:34 Image size of job updated: 7978780
	7782  -  MemoryUsage of job (MB)
	7968300  -  ResidentSetSize of job (KB)
...
006 (54921666.000.000) 2026-03-31 10:39:35 Image size of job updated: 7985240
	7783  -  MemoryUsage of job (MB)
	7969524  -  ResidentSetSize of job (KB)
...
006 (54921666.000.000) 2026-03-31 10:44:35 Image size of job updated: 7990648
	7795  -  MemoryUsage of job (MB)
	7981520  -  ResidentSetSize of job (KB)
...
006 (54921666.000.000) 2026-03-31 10:49:36 Image size of job updated: 8007540
	7820  -  MemoryUsage of job (MB)
	8007540  -  ResidentSetSize of job (KB)
...
006 (54921666.000.000) 2026-03-31 10:54:37 Image size of job updated: 8022016
	7831  -  MemoryUsage of job (MB)
	8018912  -  ResidentSetSize of job (KB)
...
006 (54921666.000.000) 2026-03-31 10:59:37 Image size of job updated: 8029456
	7841  -  MemoryUsage of job (MB)
	8028760  -  ResidentSetSize of job (KB)
...
006 (54921666.000.000) 2026-03-31 11:04:38 Image size of job updated: 8051080
	7853  -  MemoryUsage of job (MB)
	8040952  -  ResidentSetSize of job (KB)
...
006 (54921666.000.000) 2026-03-31 11:09:39 Image size of job updated: 8053316
	7858  -  MemoryUsage of job (MB)
	8045960  -  ResidentSetSize of job (KB)
...
006 (54921666.000.000) 2026-03-31 11:14:39 Image size of job updated: 8057524
	7869  -  MemoryUsage of job (MB)
	8057524  -  ResidentSetSize of job (KB)
...
006 (54921666.000.000) 2026-03-31 11:19:40 Image size of job updated: 8090196
	7891  -  MemoryUsage of job (MB)
	8079460  -  ResidentSetSize of job (KB)
...
006 (54921666.000.000) 2026-03-31 11:24:41 Image size of job updated: 8118988
	7929  -  MemoryUsage of job (MB)
	8118988  -  ResidentSetSize of job (KB)
...
006 (54921666.000.000) 2026-03-31 11:29:41 Image size of job updated: 8160484
	7959  -  MemoryUsage of job (MB)
	8149240  -  ResidentSetSize of job (KB)
...
006 (54921666.000.000) 2026-03-31 11:34:42 Image size of job updated: 8168924
	7974  -  MemoryUsage of job (MB)
	8164560  -  ResidentSetSize of job (KB)
...
006 (54921666.000.000) 2026-03-31 11:49:44 Image size of job updated: 8172012
	7974  -  MemoryUsage of job (MB)
	8164560  -  ResidentSetSize of job (KB)
...
006 (54921666.000.000) 2026-03-31 11:54:45 Image size of job updated: 8173048
	7974  -  MemoryUsage of job (MB)
	8164560  -  ResidentSetSize of job (KB)
...
006 (54921666.000.000) 2026-03-31 11:59:45 Image size of job updated: 8210240
	7974  -  MemoryUsage of job (MB)
	8164560  -  ResidentSetSize of job (KB)
...
005 (54921666.000.000) 2026-03-31 12:12:09 Job terminated.
	(1) Normal termination (return value 0)
		Usr 0 06:26:33, Sys 0 00:44:01  -  Run Remote Usage
		Usr 0 00:00:00, Sys 0 00:00:00  -  Run Local Usage
		Usr 0 06:26:33, Sys 0 00:44:01  -  Total Remote Usage
		Usr 0 00:00:00, Sys 0 00:00:00  -  Total Local Usage
	0  -  Run Bytes Sent By Job
	0  -  Run Bytes Received By Job
	0  -  Total Bytes Sent By Job
	0  -  Total Bytes Received By Job
	Partitionable Resources :      Usage  Request Allocated 
	   Cpus                 :                   8         8 
	   Disk (KB)            :      17500  1048576   1048576 
	   Memory (MB)          :       7974    30720     30720 
	   TimeExecute (s)      : 1774984329                    
	   TimeSlotBusy (s)     : 1774984329                    
...
000 (55009222.000.000) 2026-04-01 02:30:23 Job submitted from host: <10.14.0.121:9618?addrs=10.14.0.121-9618&alias=ldas-pcdev12.ligo.caltech.edu&noUDP&sock=schedd_7376_e6a5>
...
001 (55009222.000.000) 2026-04-01 02:31:10 Job executing on host: <10.14.4.10:9618?addrs=10.14.4.10-9618&alias=node760.cluster.ldas.cit&noUDP&sock=startd_2464_ad72>
	SlotName: slot1_8@node760.cluster.ldas.cit
	CondorScratchDir = "/var/lib/condor/execute/dir_1292225"
	Cpus = 8
	Disk = 1048576
	GPUs = 0
	Memory = 30720
...
006 (55009222.000.000) 2026-04-01 02:31:19 Image size of job updated: 132336
	130  -  MemoryUsage of job (MB)
	132336  -  ResidentSetSize of job (KB)
...
006 (55009222.000.000) 2026-04-01 02:31:25 Image size of job updated: 181944
	130  -  MemoryUsage of job (MB)
	132336  -  ResidentSetSize of job (KB)
...
004 (55009222.000.000) 2026-04-01 02:31:25 Job was evicted. Code 1023 Subcode 0
	(0) CPU times
		Usr 0 00:00:02, Sys 0 00:00:01  -  Run Remote Usage
		Usr 0 00:00:00, Sys 0 00:00:00  -  Run Local Usage
	0  -  Run Bytes Sent By Job
	0  -  Run Bytes Received By Job
	Reason: via condor_rm (by user jessica.irwin)
	Partitionable Resources :    Usage  Request Allocated 
	   Cpus                 :                 8         8 
	   Disk (KB)            :    17500  1048576   1048576 
	   GPUs                 :                           0 
	   Memory (MB)          :      130    30720     30720 
	   TimeExecute (s)      :       15                    
	   TimeSlotBusy (s)     :       15                    
...
009 (55009222.000.000) 2026-04-01 02:31:25 Job was aborted.
	via condor_rm (by user jessica.irwin)
...
000 (55009874.000.000) 2026-04-01 02:35:58 Job submitted from host: <10.14.0.121:9618?addrs=10.14.0.121-9618&alias=ldas-pcdev12.ligo.caltech.edu&noUDP&sock=schedd_7376_e6a5>
...
001 (55009874.000.000) 2026-04-01 02:41:12 Job executing on host: <10.14.10.114:9618?addrs=10.14.10.114-9618&alias=node2364.cluster.ldas.cit&noUDP&sock=startd_2928_f164>
	SlotName: slot1_7@node2364.cluster.ldas.cit
	CondorScratchDir = "/var/lib/condor/execute/dir_586912"
	Cpus = 8
	Disk = 1048576
	GPUs = 0
	Memory = 30720
...
006 (55009874.000.000) 2026-04-01 02:41:20 Image size of job updated: 1128428
	1102  -  MemoryUsage of job (MB)
	1128428  -  ResidentSetSize of job (KB)
...
006 (55009874.000.000) 2026-04-01 02:46:20 Image size of job updated: 7953608
	7765  -  MemoryUsage of job (MB)
	7950756  -  ResidentSetSize of job (KB)
...
006 (55009874.000.000) 2026-04-01 02:51:21 Image size of job updated: 7958200
	7771  -  MemoryUsage of job (MB)
	7956496  -  ResidentSetSize of job (KB)
...
006 (55009874.000.000) 2026-04-01 02:56:22 Image size of job updated: 7964488
	7772  -  MemoryUsage of job (MB)
	7957644  -  ResidentSetSize of job (KB)
...
006 (55009874.000.000) 2026-04-01 03:01:22 Image size of job updated: 7966232
	7780  -  MemoryUsage of job (MB)
	7966232  -  ResidentSetSize of job (KB)
...
006 (55009874.000.000) 2026-04-01 03:06:23 Image size of job updated: 7968408
	7782  -  MemoryUsage of job (MB)
	7968216  -  ResidentSetSize of job (KB)
...
006 (55009874.000.000) 2026-04-01 03:11:24 Image size of job updated: 7974860
	7782  -  MemoryUsage of job (MB)
	7968216  -  ResidentSetSize of job (KB)
...
006 (55009874.000.000) 2026-04-01 03:21:25 Image size of job updated: 7975316
	7784  -  MemoryUsage of job (MB)
	7969836  -  ResidentSetSize of job (KB)
...
006 (55009874.000.000) 2026-04-01 03:26:26 Image size of job updated: 7977428
	7784  -  MemoryUsage of job (MB)
	7969836  -  ResidentSetSize of job (KB)
...
006 (55009874.000.000) 2026-04-01 03:36:27 Image size of job updated: 7991628
	7805  -  MemoryUsage of job (MB)
	7991628  -  ResidentSetSize of job (KB)
...
