000 (53817195.000.000) 2026-03-16 03:19:16 Job submitted from host: <10.14.0.121:9618?addrs=10.14.0.121-9618&alias=ldas-pcdev12.ligo.caltech.edu&noUDP&sock=schedd_7367_ba4b>
...
001 (53817195.000.000) 2026-03-16 03:22:06 Job executing on host: <10.14.6.250:9618?addrs=10.14.6.250-9618&alias=node1500.cluster.ldas.cit&noUDP&sock=startd_7177_674d>
	SlotName: slot1_1@node1500.cluster.ldas.cit
	CondorScratchDir = "/var/lib/condor/execute/dir_2118462"
	Cpus = 8
	Disk = 20480
	GPUs = 0
	Memory = 20480
...
006 (53817195.000.000) 2026-03-16 03:22:15 Image size of job updated: 102548
	101  -  MemoryUsage of job (MB)
	102548  -  ResidentSetSize of job (KB)
...
006 (53817195.000.000) 2026-03-16 03:22:25 Image size of job updated: 188592
	101  -  MemoryUsage of job (MB)
	102548  -  ResidentSetSize of job (KB)
...
005 (53817195.000.000) 2026-03-16 03:22:25 Job terminated.
	(1) Normal termination (return value 1)
		Usr 0 00:00:02, Sys 0 00:00:00  -  Run Remote Usage
		Usr 0 00:00:00, Sys 0 00:00:00  -  Run Local Usage
		Usr 0 00:00:02, Sys 0 00:00:00  -  Total Remote Usage
		Usr 0 00:00:00, Sys 0 00:00:00  -  Total Local Usage
	0  -  Run Bytes Sent By Job
	0  -  Run Bytes Received By Job
	0  -  Total Bytes Sent By Job
	0  -  Total Bytes Received By Job
	Partitionable Resources :    Usage  Request Allocated 
	   Cpus                 :                 8         8 
	   Disk (KB)            :    17500    20480     20480 
	   GPUs                 :                           0 
	   Memory (MB)          :      101    20480     20480 
	   TimeExecute (s)      :       19                    
	   TimeSlotBusy (s)     :       19                    
...
000 (53817622.000.000) 2026-03-16 03:28:38 Job submitted from host: <10.14.0.121:9618?addrs=10.14.0.121-9618&alias=ldas-pcdev12.ligo.caltech.edu&noUDP&sock=schedd_7367_ba4b>
...
001 (53817622.000.000) 2026-03-16 03:31:32 Job executing on host: <10.14.6.250:9618?addrs=10.14.6.250-9618&alias=node1500.cluster.ldas.cit&noUDP&sock=startd_7177_674d>
	SlotName: slot1_1@node1500.cluster.ldas.cit
	CondorScratchDir = "/var/lib/condor/execute/dir_2118665"
	Cpus = 8
	Disk = 20480
	GPUs = 0
	Memory = 20480
...
006 (53817622.000.000) 2026-03-16 03:31:41 Image size of job updated: 1033228
	1010  -  MemoryUsage of job (MB)
	1033228  -  ResidentSetSize of job (KB)
...
006 (53817622.000.000) 2026-03-16 03:36:42 Image size of job updated: 20819480
	17183  -  MemoryUsage of job (MB)
	17595316  -  ResidentSetSize of job (KB)
...
006 (53817622.000.000) 2026-03-16 03:37:53 Image size of job updated: 20819480
	17184  -  MemoryUsage of job (MB)
	17595712  -  ResidentSetSize of job (KB)
...
021 (53817622.000.000) 2026-03-16 03:37:53 Error from starter on slot1_1@node1500.cluster.ldas.cit:
	Job has gone over cgroup memory limit of 20480 megabytes. Last measured usage: 20331 megabytes.  Consider resubmitting with a higher request_memory.
	Code 34 Subcode 102
...
004 (53817622.000.000) 2026-03-16 03:37:53 Job was evicted. Code 34 Subcode 102
	(0) CPU times
		Usr 0 00:09:14, Sys 0 00:03:56  -  Run Remote Usage
		Usr 0 00:00:00, Sys 0 00:00:00  -  Run Local Usage
	0  -  Run Bytes Sent By Job
	0  -  Run Bytes Received By Job
	Reason: Error from slot1_1@node1500.cluster.ldas.cit: Job has gone over cgroup memory limit of 20480 megabytes. Last measured usage: 20331 megabytes.  Consider resubmitting with a higher request_memory.
	Partitionable Resources :    Usage  Request Allocated 
	   Cpus                 :                 8         8 
	   Disk (KB)            :    17500    20480     20480 
	   GPUs                 :                           0 
	   Memory (MB)          :    17184    20480     20480 
	   TimeSlotBusy (s)     :      381                    
...
009 (53817622.000.000) 2026-03-16 03:39:54 Job was aborted.
	via condor_rm (by user jessica.irwin)
...
000 (53818029.000.000) 2026-03-16 03:40:02 Job submitted from host: <10.14.0.121:9618?addrs=10.14.0.121-9618&alias=ldas-pcdev12.ligo.caltech.edu&noUDP&sock=schedd_7367_ba4b>
...
001 (53818029.000.000) 2026-03-16 03:41:37 Job executing on host: <10.14.10.172:9618?addrs=10.14.10.172-9618&alias=node2422.cluster.ldas.cit&noUDP&sock=startd_634609_9166>
	SlotName: slot1_3@node2422.cluster.ldas.cit
	CondorScratchDir = "/var/lib/condor/execute/dir_375458"
	Cpus = 8
	Disk = 20480
	GPUs = 0
	Memory = 30720
...
006 (53818029.000.000) 2026-03-16 03:41:46 Image size of job updated: 124044
	122  -  MemoryUsage of job (MB)
	124044  -  ResidentSetSize of job (KB)
...
006 (53818029.000.000) 2026-03-16 03:46:47 Image size of job updated: 31200648
	30470  -  MemoryUsage of job (MB)
	31200648  -  ResidentSetSize of job (KB)
...
006 (53818029.000.000) 2026-03-16 03:51:47 Image size of job updated: 31206024
	30470  -  MemoryUsage of job (MB)
	31200648  -  ResidentSetSize of job (KB)
...
006 (53818029.000.000) 2026-03-16 03:56:48 Image size of job updated: 31213056
	30470  -  MemoryUsage of job (MB)
	31200648  -  ResidentSetSize of job (KB)
...
006 (53818029.000.000) 2026-03-16 04:01:49 Image size of job updated: 31221116
	30490  -  MemoryUsage of job (MB)
	31221116  -  ResidentSetSize of job (KB)
...
006 (53818029.000.000) 2026-03-16 04:06:49 Image size of job updated: 31231460
	30500  -  MemoryUsage of job (MB)
	31231460  -  ResidentSetSize of job (KB)
...
006 (53818029.000.000) 2026-03-16 04:07:08 Image size of job updated: 31231508
	30500  -  MemoryUsage of job (MB)
	31231460  -  ResidentSetSize of job (KB)
...
021 (53818029.000.000) 2026-03-16 04:07:08 Error from starter on slot1_3@node2422.cluster.ldas.cit:
	Job has gone over cgroup memory limit of 30720 megabytes. Last measured usage: 30499 megabytes.  Consider resubmitting with a higher request_memory.
	Code 34 Subcode 102
...
004 (53818029.000.000) 2026-03-16 04:07:08 Job was evicted. Code 34 Subcode 102
	(0) CPU times
		Usr 0 00:27:44, Sys 0 00:23:34  -  Run Remote Usage
		Usr 0 00:00:00, Sys 0 00:00:00  -  Run Local Usage
	0  -  Run Bytes Sent By Job
	0  -  Run Bytes Received By Job
	Reason: Error from slot1_3@node2422.cluster.ldas.cit: Job has gone over cgroup memory limit of 30720 megabytes. Last measured usage: 30499 megabytes.  Consider resubmitting with a higher request_memory.
	Partitionable Resources :    Usage  Request Allocated 
	   Cpus                 :                 8         8 
	   Disk (KB)            :    17500    20480     20480 
	   GPUs                 :                           0 
	   Memory (MB)          :    30500    30720     30720 
	   TimeSlotBusy (s)     :     1531                    
...
001 (53818029.000.000) 2026-03-16 04:11:27 Job executing on host: <10.14.10.172:9618?addrs=10.14.10.172-9618&alias=node2422.cluster.ldas.cit&noUDP&sock=startd_634609_9166>
	SlotName: slot1_3@node2422.cluster.ldas.cit
	CondorScratchDir = "/var/lib/condor/execute/dir_380028"
	Cpus = 8
	Disk = 20480
	GPUs = 0
	Memory = 32768
...
006 (53818029.000.000) 2026-03-16 04:16:37 Image size of job updated: 33298780
	31739  -  MemoryUsage of job (MB)
	32500000  -  ResidentSetSize of job (KB)
...
006 (53818029.000.000) 2026-03-16 04:26:38 Image size of job updated: 33298780
	31862  -  MemoryUsage of job (MB)
	32626200  -  ResidentSetSize of job (KB)
...
006 (53818029.000.000) 2026-03-16 04:29:47 Image size of job updated: 33325600
	31862  -  MemoryUsage of job (MB)
	32626200  -  ResidentSetSize of job (KB)
...
021 (53818029.000.000) 2026-03-16 04:29:47 Error from starter on slot1_3@node2422.cluster.ldas.cit:
	Job has gone over cgroup memory limit of 32768 megabytes. Last measured usage: 32544 megabytes.  Consider resubmitting with a higher request_memory.
	Code 34 Subcode 102
...
004 (53818029.000.000) 2026-03-16 04:29:47 Job was evicted. Code 34 Subcode 102
	(0) CPU times
		Usr 0 00:29:26, Sys 0 00:06:27  -  Run Remote Usage
		Usr 0 00:00:00, Sys 0 00:00:00  -  Run Local Usage
	0  -  Run Bytes Sent By Job
	0  -  Run Bytes Received By Job
	Reason: Error from slot1_3@node2422.cluster.ldas.cit: Job has gone over cgroup memory limit of 32768 megabytes. Last measured usage: 32544 megabytes.  Consider resubmitting with a higher request_memory.
	Partitionable Resources :    Usage  Request Allocated 
	   Cpus                 :                 8         8 
	   Disk (KB)            :    17500    20480     20480 
	   GPUs                 :                           0 
	   Memory (MB)          :    31862    32768     32768 
	   TimeSlotBusy (s)     :     1100                    
...
001 (53818029.000.000) 2026-03-16 04:31:32 Job executing on host: <10.14.10.172:9618?addrs=10.14.10.172-9618&alias=node2422.cluster.ldas.cit&noUDP&sock=startd_634609_9166>
	SlotName: slot1_3@node2422.cluster.ldas.cit
	CondorScratchDir = "/var/lib/condor/execute/dir_383468"
	Cpus = 8
	Disk = 20480
	GPUs = 0
	Memory = 34816
...
006 (53818029.000.000) 2026-03-16 04:36:40 Image size of job updated: 35390864
	34180  -  MemoryUsage of job (MB)
	35000000  -  ResidentSetSize of job (KB)
...
006 (53818029.000.000) 2026-03-16 04:46:41 Image size of job updated: 35405940
	34180  -  MemoryUsage of job (MB)
	35000000  -  ResidentSetSize of job (KB)
...
006 (53818029.000.000) 2026-03-16 04:51:41 Image size of job updated: 35412312
	34180  -  MemoryUsage of job (MB)
	35000000  -  ResidentSetSize of job (KB)
...
006 (53818029.000.000) 2026-03-16 04:55:30 Image size of job updated: 35418700
	34180  -  MemoryUsage of job (MB)
	35000000  -  ResidentSetSize of job (KB)
...
021 (53818029.000.000) 2026-03-16 04:55:30 Error from starter on slot1_3@node2422.cluster.ldas.cit:
	Job has gone over cgroup memory limit of 34816 megabytes. Last measured usage: 34588 megabytes.  Consider resubmitting with a higher request_memory.
	Code 34 Subcode 102
...
004 (53818029.000.000) 2026-03-16 04:55:31 Job was evicted. Code 34 Subcode 102
	(0) CPU times
		Usr 0 00:35:34, Sys 0 00:11:57  -  Run Remote Usage
		Usr 0 00:00:00, Sys 0 00:00:00  -  Run Local Usage
	0  -  Run Bytes Sent By Job
	0  -  Run Bytes Received By Job
	Reason: Error from slot1_3@node2422.cluster.ldas.cit: Job has gone over cgroup memory limit of 34816 megabytes. Last measured usage: 34588 megabytes.  Consider resubmitting with a higher request_memory.
	Partitionable Resources :    Usage  Request Allocated 
	   Cpus                 :                 8         8 
	   Disk (KB)            :    17500    20480     20480 
	   GPUs                 :                           0 
	   Memory (MB)          :    34180    34816     34816 
	   TimeSlotBusy (s)     :     1438                    
...
001 (53818029.000.000) 2026-03-16 05:00:30 Job executing on host: <10.14.10.172:9618?addrs=10.14.10.172-9618&alias=node2422.cluster.ldas.cit&noUDP&sock=startd_634609_9166>
	SlotName: slot1_3@node2422.cluster.ldas.cit
	CondorScratchDir = "/var/lib/condor/execute/dir_387889"
	Cpus = 8
	Disk = 20480
	GPUs = 0
	Memory = 36864
...
006 (53818029.000.000) 2026-03-16 05:05:38 Image size of job updated: 37500000
	34780  -  MemoryUsage of job (MB)
	35613836  -  ResidentSetSize of job (KB)
...
021 (53818029.000.000) 2026-03-16 05:20:10 Error from starter on slot1_3@node2422.cluster.ldas.cit:
	Job has gone over cgroup memory limit of 36864 megabytes. Last measured usage: 36572 megabytes.  Consider resubmitting with a higher request_memory.
	Code 34 Subcode 102
...
004 (53818029.000.000) 2026-03-16 05:20:11 Job was evicted. Code 34 Subcode 102
	(0) CPU times
		Usr 0 00:31:15, Sys 0 00:07:19  -  Run Remote Usage
		Usr 0 00:00:00, Sys 0 00:00:00  -  Run Local Usage
	0  -  Run Bytes Sent By Job
	0  -  Run Bytes Received By Job
	Reason: Error from slot1_3@node2422.cluster.ldas.cit: Job has gone over cgroup memory limit of 36864 megabytes. Last measured usage: 36572 megabytes.  Consider resubmitting with a higher request_memory.
	Partitionable Resources :    Usage  Request Allocated 
	   Cpus                 :                 8         8 
	   Disk (KB)            :    17500    20480     20480 
	   GPUs                 :                           0 
	   Memory (MB)          :    34780    36864     36864 
	   TimeSlotBusy (s)     :     1181                    
...
001 (53818029.000.000) 2026-03-16 05:23:00 Job executing on host: <10.14.10.172:9618?addrs=10.14.10.172-9618&alias=node2422.cluster.ldas.cit&noUDP&sock=startd_634609_9166>
	SlotName: slot1_3@node2422.cluster.ldas.cit
	CondorScratchDir = "/var/lib/condor/execute/dir_391384"
	Cpus = 8
	Disk = 20480
	GPUs = 0
	Memory = 38912
...
006 (53818029.000.000) 2026-03-16 05:28:10 Image size of job updated: 39440616
	36622  -  MemoryUsage of job (MB)
	37500000  -  ResidentSetSize of job (KB)
...
006 (53818029.000.000) 2026-03-16 05:33:10 Image size of job updated: 39537816
	38054  -  MemoryUsage of job (MB)
	38967088  -  ResidentSetSize of job (KB)
...
006 (53818029.000.000) 2026-03-16 05:43:11 Image size of job updated: 39586596
	38054  -  MemoryUsage of job (MB)
	38967088  -  ResidentSetSize of job (KB)
...
021 (53818029.000.000) 2026-03-16 05:48:16 Error from starter on slot1_3@node2422.cluster.ldas.cit:
	Job has gone over cgroup memory limit of 38912 megabytes. Last measured usage: 38658 megabytes.  Consider resubmitting with a higher request_memory.
	Code 34 Subcode 102
...
004 (53818029.000.000) 2026-03-16 05:48:16 Job was evicted. Code 34 Subcode 102
	(0) CPU times
		Usr 0 00:40:32, Sys 0 00:08:54  -  Run Remote Usage
		Usr 0 00:00:00, Sys 0 00:00:00  -  Run Local Usage
	0  -  Run Bytes Sent By Job
	0  -  Run Bytes Received By Job
	Reason: Error from slot1_3@node2422.cluster.ldas.cit: Job has gone over cgroup memory limit of 38912 megabytes. Last measured usage: 38658 megabytes.  Consider resubmitting with a higher request_memory.
	Partitionable Resources :    Usage  Request Allocated 
	   Cpus                 :                 8         8 
	   Disk (KB)            :    17500    20480     20480 
	   GPUs                 :                           0 
	   Memory (MB)          :    38054    38912     38912 
	   TimeSlotBusy (s)     :     1516                    
...
001 (53818029.000.000) 2026-03-16 05:51:08 Job executing on host: <10.14.4.39:9618?addrs=10.14.4.39-9618&alias=node789.cluster.ldas.cit&noUDP&sock=startd_2741_ad2e>
	SlotName: slot1_1@node789.cluster.ldas.cit
	CondorScratchDir = "/var/lib/condor/execute/dir_1414152"
	Cpus = 8
	Disk = 20480
	GPUs = 0
	Memory = 40960
...
006 (53818029.000.000) 2026-03-16 05:56:18 Image size of job updated: 41642256
	39063  -  MemoryUsage of job (MB)
	40000000  -  ResidentSetSize of job (KB)
...
006 (53818029.000.000) 2026-03-16 06:01:18 Image size of job updated: 41645952
	39063  -  MemoryUsage of job (MB)
	40000000  -  ResidentSetSize of job (KB)
...
004 (53818029.000.000) 2026-03-16 06:03:21 Job was evicted. Code 1023 Subcode 0
	(0) CPU times
		Usr 0 00:18:22, Sys 0 00:05:26  -  Run Remote Usage
		Usr 0 00:00:00, Sys 0 00:00:00  -  Run Local Usage
	0  -  Run Bytes Sent By Job
	0  -  Run Bytes Received By Job
	Reason: via condor_rm (by user jessica.irwin)
	Partitionable Resources :    Usage  Request Allocated 
	   Cpus                 :                 8         8 
	   Disk (KB)            :    17500    20480     20480 
	   GPUs                 :                           0 
	   Memory (MB)          :    39063    40960     40960 
	   TimeExecute (s)      :      733                    
	   TimeSlotBusy (s)     :      733                    
...
009 (53818029.000.000) 2026-03-16 06:03:21 Job was aborted.
	via condor_rm (by user jessica.irwin)
...
000 (53899258.000.000) 2026-03-17 05:26:16 Job submitted from host: <10.14.0.121:9618?addrs=10.14.0.121-9618&alias=ldas-pcdev12.ligo.caltech.edu&noUDP&sock=schedd_7367_ba4b>
...
001 (53899258.000.000) 2026-03-17 05:27:23 Job executing on host: <10.14.9.170:9618?addrs=10.14.9.170-9618&alias=node2170.cluster.ldas.cit&noUDP&sock=startd_3945_8535>
	SlotName: slot1_10@node2170.cluster.ldas.cit
	CondorScratchDir = "/var/lib/condor/execute/dir_3819683"
	Cpus = 8
	Disk = 1048576
	GPUs = 0
	Memory = 30720
...
006 (53899258.000.000) 2026-03-17 05:27:32 Image size of job updated: 172560
	169  -  MemoryUsage of job (MB)
	172560  -  ResidentSetSize of job (KB)
...
006 (53899258.000.000) 2026-03-17 05:32:33 Image size of job updated: 31177896
	30315  -  MemoryUsage of job (MB)
	31042212  -  ResidentSetSize of job (KB)
...
006 (53899258.000.000) 2026-03-17 05:37:33 Image size of job updated: 31203836
	30316  -  MemoryUsage of job (MB)
	31042652  -  ResidentSetSize of job (KB)
...
006 (53899258.000.000) 2026-03-17 05:40:25 Image size of job updated: 31213392
	30316  -  MemoryUsage of job (MB)
	31042652  -  ResidentSetSize of job (KB)
...
021 (53899258.000.000) 2026-03-17 05:40:25 Error from starter on slot1_10@node2170.cluster.ldas.cit:
	Job has gone over cgroup memory limit of 30720 megabytes. Last measured usage: 30481 megabytes.  Consider resubmitting with a higher request_memory.
	Code 34 Subcode 102
...
004 (53899258.000.000) 2026-03-17 05:40:26 Job was evicted. Code 34 Subcode 102
	(0) CPU times
		Usr 0 00:19:40, Sys 0 00:09:14  -  Run Remote Usage
		Usr 0 00:00:00, Sys 0 00:00:00  -  Run Local Usage
	0  -  Run Bytes Sent By Job
	0  -  Run Bytes Received By Job
	Reason: Error from slot1_10@node2170.cluster.ldas.cit: Job has gone over cgroup memory limit of 30720 megabytes. Last measured usage: 30481 megabytes.  Consider resubmitting with a higher request_memory.
	Partitionable Resources :    Usage  Request Allocated 
	   Cpus                 :                 8         8 
	   Disk (KB)            :    17500  1048576   1048576 
	   GPUs                 :                           0 
	   Memory (MB)          :    30316    30720     30720 
	   TimeSlotBusy (s)     :      782                    
...
001 (53899258.000.000) 2026-03-17 05:42:27 Job executing on host: <10.14.10.35:9618?addrs=10.14.10.35-9618&alias=node2285.cluster.ldas.cit&noUDP&sock=startd_7923_18f3>
	SlotName: slot1_16@node2285.cluster.ldas.cit
	CondorScratchDir = "/var/lib/condor/execute/dir_3317792"
	Cpus = 8
	Disk = 1048576
	GPUs = 0
	Memory = 32768
...
006 (53899258.000.000) 2026-03-17 05:47:35 Image size of job updated: 33237820
	31739  -  MemoryUsage of job (MB)
	32500000  -  ResidentSetSize of job (KB)
...
006 (53899258.000.000) 2026-03-17 05:52:36 Image size of job updated: 33254340
	31739  -  MemoryUsage of job (MB)
	32500000  -  ResidentSetSize of job (KB)
...
006 (53899258.000.000) 2026-03-17 05:57:37 Image size of job updated: 33266552
	31739  -  MemoryUsage of job (MB)
	32500000  -  ResidentSetSize of job (KB)
...
006 (53899258.000.000) 2026-03-17 05:59:31 Image size of job updated: 33271384
	31739  -  MemoryUsage of job (MB)
	32500000  -  ResidentSetSize of job (KB)
...
021 (53899258.000.000) 2026-03-17 05:59:31 Error from starter on slot1_16@node2285.cluster.ldas.cit:
	Job has gone over cgroup memory limit of 32768 megabytes. Last measured usage: 32491 megabytes.  Consider resubmitting with a higher request_memory.
	Code 34 Subcode 102
...
004 (53899258.000.000) 2026-03-17 05:59:32 Job was evicted. Code 34 Subcode 102
	(0) CPU times
		Usr 0 00:21:20, Sys 0 00:11:56  -  Run Remote Usage
		Usr 0 00:00:00, Sys 0 00:00:00  -  Run Local Usage
	0  -  Run Bytes Sent By Job
	0  -  Run Bytes Received By Job
	Reason: Error from slot1_16@node2285.cluster.ldas.cit: Job has gone over cgroup memory limit of 32768 megabytes. Last measured usage: 32491 megabytes.  Consider resubmitting with a higher request_memory.
	Partitionable Resources :    Usage  Request Allocated 
	   Cpus                 :                 8         8 
	   Disk (KB)            :    17500  1048576   1048576 
	   GPUs                 :                           0 
	   Memory (MB)          :    31739    32768     32768 
	   TimeSlotBusy (s)     :     1025                    
...
001 (53899258.000.000) 2026-03-17 06:01:05 Job executing on host: <10.14.10.33:9618?addrs=10.14.10.33-9618&alias=node2283.cluster.ldas.cit&noUDP&sock=startd_8036_9b27>
	SlotName: slot1_6@node2283.cluster.ldas.cit
	CondorScratchDir = "/var/lib/condor/execute/dir_290190"
	Cpus = 8
	Disk = 1048576
	GPUs = 0
	Memory = 34816
...
006 (53899258.000.000) 2026-03-17 06:06:13 Image size of job updated: 35334016
	33375  -  MemoryUsage of job (MB)
	34175088  -  ResidentSetSize of job (KB)
...
006 (53899258.000.000) 2026-03-17 06:11:14 Image size of job updated: 35343508
	34516  -  MemoryUsage of job (MB)
	35343508  -  ResidentSetSize of job (KB)
...
006 (53899258.000.000) 2026-03-17 06:16:14 Image size of job updated: 35352540
	34516  -  MemoryUsage of job (MB)
	35343508  -  ResidentSetSize of job (KB)
...
006 (53899258.000.000) 2026-03-17 06:18:18 Image size of job updated: 35355728
	34516  -  MemoryUsage of job (MB)
	35343508  -  ResidentSetSize of job (KB)
...
021 (53899258.000.000) 2026-03-17 06:18:18 Error from starter on slot1_6@node2283.cluster.ldas.cit:
	Job has gone over cgroup memory limit of 34816 megabytes. Last measured usage: 34527 megabytes.  Consider resubmitting with a higher request_memory.
	Code 34 Subcode 102
...
004 (53899258.000.000) 2026-03-17 06:18:18 Job was evicted. Code 34 Subcode 102
	(0) CPU times
		Usr 0 00:20:15, Sys 0 00:13:44  -  Run Remote Usage
		Usr 0 00:00:00, Sys 0 00:00:00  -  Run Local Usage
	0  -  Run Bytes Sent By Job
	0  -  Run Bytes Received By Job
	Reason: Error from slot1_6@node2283.cluster.ldas.cit: Job has gone over cgroup memory limit of 34816 megabytes. Last measured usage: 34527 megabytes.  Consider resubmitting with a higher request_memory.
	Partitionable Resources :    Usage  Request Allocated 
	   Cpus                 :                 8         8 
	   Disk (KB)            :    17500  1048576   1048576 
	   GPUs                 :                           0 
	   Memory (MB)          :    34516    34816     34816 
	   TimeSlotBusy (s)     :     1034                    
...
001 (53899258.000.000) 2026-03-17 06:20:39 Job executing on host: <10.14.10.162:9618?addrs=10.14.10.162-9618&alias=node2412.cluster.ldas.cit&noUDP&sock=startd_2969_10c6>
	SlotName: slot1_34@node2412.cluster.ldas.cit
	CondorScratchDir = "/var/lib/condor/execute/dir_4039926"
	Cpus = 8
	Disk = 1048576
	GPUs = 0
	Memory = 36864
...
021 (53899258.000.000) 2026-03-17 07:06:19 Error from starter on slot1_34@node2412.cluster.ldas.cit:
	Job has gone over cgroup memory limit of 36864 megabytes. Last measured usage: 36486 megabytes.  Consider resubmitting with a higher request_memory.
	Code 34 Subcode 102
...
004 (53899258.000.000) 2026-03-17 07:06:19 Job was evicted. Code 34 Subcode 102
	(0) CPU times
		Usr 0 00:27:11, Sys 0 00:19:02  -  Run Remote Usage
		Usr 0 00:00:00, Sys 0 00:00:00  -  Run Local Usage
	0  -  Run Bytes Sent By Job
	0  -  Run Bytes Received By Job
	Reason: Error from slot1_34@node2412.cluster.ldas.cit: Job has gone over cgroup memory limit of 36864 megabytes. Last measured usage: 36486 megabytes.  Consider resubmitting with a higher request_memory.
	Partitionable Resources :    Usage  Request Allocated 
	   Cpus                 :                 8         8 
	   Disk (KB)            :    17500  1048576   1048576 
	   GPUs                 :                           0 
	   Memory (MB)          :    36622    36864     36864 
	   TimeSlotBusy (s)     :     2740                    
...
001 (53899258.000.000) 2026-03-17 07:10:56 Job executing on host: <10.14.4.52:9618?addrs=10.14.4.52-9618&alias=node802.cluster.ldas.cit&noUDP&sock=startd_2739_4dfd>
	SlotName: slot1_5@node802.cluster.ldas.cit
	CondorScratchDir = "/var/lib/condor/execute/dir_3395442"
	Cpus = 8
	Disk = 1048576
	GPUs = 0
	Memory = 38912
...
006 (53899258.000.000) 2026-03-17 07:16:04 Image size of job updated: 39552348
	36622  -  MemoryUsage of job (MB)
	37500000  -  ResidentSetSize of job (KB)
...
006 (53899258.000.000) 2026-03-17 07:21:05 Image size of job updated: 39554816
	36622  -  MemoryUsage of job (MB)
	37500000  -  ResidentSetSize of job (KB)
...
006 (53899258.000.000) 2026-03-17 07:26:05 Image size of job updated: 39557412
	37375  -  MemoryUsage of job (MB)
	38271032  -  ResidentSetSize of job (KB)
...
006 (53899258.000.000) 2026-03-17 07:31:05 Image size of job updated: 39562516
	37375  -  MemoryUsage of job (MB)
	38271180  -  ResidentSetSize of job (KB)
...
006 (53899258.000.000) 2026-03-17 07:36:07 Image size of job updated: 39568668
	37375  -  MemoryUsage of job (MB)
	38271180  -  ResidentSetSize of job (KB)
...
006 (53899258.000.000) 2026-03-17 07:41:07 Image size of job updated: 39572420
	37375  -  MemoryUsage of job (MB)
	38271180  -  ResidentSetSize of job (KB)
...
006 (53899258.000.000) 2026-03-17 07:46:07 Image size of job updated: 39574992
	37375  -  MemoryUsage of job (MB)
	38271180  -  ResidentSetSize of job (KB)
...
006 (53899258.000.000) 2026-03-17 07:47:56 Image size of job updated: 39580976
	37375  -  MemoryUsage of job (MB)
	38271180  -  ResidentSetSize of job (KB)
...
021 (53899258.000.000) 2026-03-17 07:47:56 Error from starter on slot1_5@node802.cluster.ldas.cit:
	Job has gone over cgroup memory limit of 38912 megabytes. Last measured usage: 38653 megabytes.  Consider resubmitting with a higher request_memory.
	Code 34 Subcode 102
...
004 (53899258.000.000) 2026-03-17 07:47:56 Job was evicted. Code 34 Subcode 102
	(0) CPU times
		Usr 0 00:55:24, Sys 0 00:18:11  -  Run Remote Usage
		Usr 0 00:00:00, Sys 0 00:00:00  -  Run Local Usage
	0  -  Run Bytes Sent By Job
	0  -  Run Bytes Received By Job
	Reason: Error from slot1_5@node802.cluster.ldas.cit: Job has gone over cgroup memory limit of 38912 megabytes. Last measured usage: 38653 megabytes.  Consider resubmitting with a higher request_memory.
	Partitionable Resources :    Usage  Request Allocated 
	   Cpus                 :                 8         8 
	   Disk (KB)            :    17500  1048576   1048576 
	   GPUs                 :                           0 
	   Memory (MB)          :    37375    38912     38912 
	   TimeSlotBusy (s)     :     2221                    
...
001 (53899258.000.000) 2026-03-17 07:50:53 Job executing on host: <10.14.10.146:9618?addrs=10.14.10.146-9618&alias=node2396.cluster.ldas.cit&noUDP&sock=startd_2933_5f5d>
	SlotName: slot1_4@node2396.cluster.ldas.cit
	CondorScratchDir = "/var/lib/condor/execute/dir_3246654"
	Cpus = 8
	Disk = 1048576
	GPUs = 0
	Memory = 40960
...
006 (53899258.000.000) 2026-03-17 08:01:03 Image size of job updated: 41528368
	39063  -  MemoryUsage of job (MB)
	40000000  -  ResidentSetSize of job (KB)
...
006 (53899258.000.000) 2026-03-17 08:06:04 Image size of job updated: 41528916
	39063  -  MemoryUsage of job (MB)
	40000000  -  ResidentSetSize of job (KB)
...
006 (53899258.000.000) 2026-03-17 08:11:04 Image size of job updated: 41528916
	40170  -  MemoryUsage of job (MB)
	41133952  -  ResidentSetSize of job (KB)
...
006 (53899258.000.000) 2026-03-17 08:16:04 Image size of job updated: 41531152
	40171  -  MemoryUsage of job (MB)
	41134388  -  ResidentSetSize of job (KB)
...
006 (53899258.000.000) 2026-03-17 08:21:05 Image size of job updated: 41533728
	40552  -  MemoryUsage of job (MB)
	41524580  -  ResidentSetSize of job (KB)
...
006 (53899258.000.000) 2026-03-17 08:26:05 Image size of job updated: 41535212
	40552  -  MemoryUsage of job (MB)
	41524580  -  ResidentSetSize of job (KB)
...
006 (53899258.000.000) 2026-03-17 08:31:06 Image size of job updated: 41542684
	40552  -  MemoryUsage of job (MB)
	41524580  -  ResidentSetSize of job (KB)
...
023 (53899258.000.000) 2026-03-17 08:39:59 Job reconnected to slot1_4@node2396.cluster.ldas.cit
    startd address: <10.14.10.146:9618?addrs=10.14.10.146-9618&alias=node2396.cluster.ldas.cit&noUDP&sock=startd_2933_5f5d>
    starter address: <10.14.10.146:9618?addrs=10.14.10.146-9618&alias=node2396.cluster.ldas.cit&noUDP&sock=slot1_4_3812_a614_62280>
...
021 (53899258.000.000) 2026-03-17 08:47:26 Error from starter on slot1_4@node2396.cluster.ldas.cit:
	Job has gone over cgroup memory limit of 40960 megabytes. Last measured usage: 40576 megabytes.  Consider resubmitting with a higher request_memory.
	Code 34 Subcode 102
...
004 (53899258.000.000) 2026-03-17 08:47:26 Job was evicted. Code 34 Subcode 102
	(0) CPU times
		Usr 0 00:33:47, Sys 0 00:24:03  -  Run Remote Usage
		Usr 0 00:00:00, Sys 0 00:00:00  -  Run Local Usage
	0  -  Run Bytes Sent By Job
	0  -  Run Bytes Received By Job
	Reason: Error from slot1_4@node2396.cluster.ldas.cit: Job has gone over cgroup memory limit of 40960 megabytes. Last measured usage: 40576 megabytes.  Consider resubmitting with a higher request_memory.
	Partitionable Resources :      Usage  Request Allocated 
	   Cpus                 :                   8         8 
	   Disk (KB)            :      17500  1048576   1048576 
	   Memory (MB)          :      41504    40960     40960 
	   TimeSlotBusy (s)     : 1773762446                    
...
001 (53899258.000.000) 2026-03-17 08:53:09 Job executing on host: <10.14.9.64:9618?addrs=10.14.9.64-9618&alias=node2064.cluster.ldas.cit&noUDP&sock=startd_2581_ee07>
	SlotName: slot1_2@node2064.cluster.ldas.cit
	CondorScratchDir = "/var/lib/condor/execute/dir_280896"
	Cpus = 8
	Disk = 1048576
	GPUs = 0
	Memory = 43008
...
006 (53899258.000.000) 2026-03-17 08:58:19 Image size of job updated: 43728468
	41504  -  MemoryUsage of job (MB)
	42500000  -  ResidentSetSize of job (KB)
...
006 (53899258.000.000) 2026-03-17 09:03:19 Image size of job updated: 43734640
	41504  -  MemoryUsage of job (MB)
	42500000  -  ResidentSetSize of job (KB)
...
006 (53899258.000.000) 2026-03-17 09:08:19 Image size of job updated: 43736652
	41504  -  MemoryUsage of job (MB)
	42500000  -  ResidentSetSize of job (KB)
...
006 (53899258.000.000) 2026-03-17 09:13:20 Image size of job updated: 43740808
	41504  -  MemoryUsage of job (MB)
	42500000  -  ResidentSetSize of job (KB)
...
006 (53899258.000.000) 2026-03-17 09:15:14 Image size of job updated: 43743288
	41504  -  MemoryUsage of job (MB)
	42500000  -  ResidentSetSize of job (KB)
...
021 (53899258.000.000) 2026-03-17 09:15:14 Error from starter on slot1_2@node2064.cluster.ldas.cit:
	Job has gone over cgroup memory limit of 43008 megabytes. Last measured usage: 42718 megabytes.  Consider resubmitting with a higher request_memory.
	Code 34 Subcode 102
...
004 (53899258.000.000) 2026-03-17 09:15:14 Job was evicted. Code 34 Subcode 102
	(0) CPU times
		Usr 0 00:34:57, Sys 0 00:09:03  -  Run Remote Usage
		Usr 0 00:00:00, Sys 0 00:00:00  -  Run Local Usage
	0  -  Run Bytes Sent By Job
	0  -  Run Bytes Received By Job
	Reason: Error from slot1_2@node2064.cluster.ldas.cit: Job has gone over cgroup memory limit of 43008 megabytes. Last measured usage: 42718 megabytes.  Consider resubmitting with a higher request_memory.
	Partitionable Resources :    Usage  Request Allocated 
	   Cpus                 :                 8         8 
	   Disk (KB)            :    17500  1048576   1048576 
	   GPUs                 :                           0 
	   Memory (MB)          :    41504    43008     43008 
	   TimeSlotBusy (s)     :     1325                    
...
001 (53899258.000.000) 2026-03-17 09:18:23 Job executing on host: <10.14.10.162:9618?addrs=10.14.10.162-9618&alias=node2412.cluster.ldas.cit&noUDP&sock=startd_2969_10c6>
	SlotName: slot1_7@node2412.cluster.ldas.cit
	CondorScratchDir = "/var/lib/condor/execute/dir_5174"
	Cpus = 8
	Disk = 1048576
	GPUs = 0
	Memory = 45056
...
006 (53899258.000.000) 2026-03-17 09:28:34 Image size of job updated: 45708908
	41504  -  MemoryUsage of job (MB)
	42500000  -  ResidentSetSize of job (KB)
...
006 (53899258.000.000) 2026-03-17 09:38:35 Image size of job updated: 45713568
	41504  -  MemoryUsage of job (MB)
	42500000  -  ResidentSetSize of job (KB)
...
006 (53899258.000.000) 2026-03-17 09:43:35 Image size of job updated: 45713568
	43824  -  MemoryUsage of job (MB)
	44875044  -  ResidentSetSize of job (KB)
...
006 (53899258.000.000) 2026-03-17 09:48:35 Image size of job updated: 45713568
	43830  -  MemoryUsage of job (MB)
	44881188  -  ResidentSetSize of job (KB)
...
006 (53899258.000.000) 2026-03-17 09:53:36 Image size of job updated: 45714644
	43830  -  MemoryUsage of job (MB)
	44881188  -  ResidentSetSize of job (KB)
...
006 (53899258.000.000) 2026-03-17 09:58:36 Image size of job updated: 45717724
	43830  -  MemoryUsage of job (MB)
	44881188  -  ResidentSetSize of job (KB)
...
006 (53899258.000.000) 2026-03-17 10:08:38 Image size of job updated: 45723096
	43830  -  MemoryUsage of job (MB)
	44881188  -  ResidentSetSize of job (KB)
...
006 (53899258.000.000) 2026-03-17 10:11:10 Image size of job updated: 45724884
	43830  -  MemoryUsage of job (MB)
	44881188  -  ResidentSetSize of job (KB)
...
021 (53899258.000.000) 2026-03-17 10:11:10 Error from starter on slot1_7@node2412.cluster.ldas.cit:
	Job has gone over cgroup memory limit of 45056 megabytes. Last measured usage: 44653 megabytes.  Consider resubmitting with a higher request_memory.
	Code 34 Subcode 102
...
004 (53899258.000.000) 2026-03-17 10:11:10 Job was evicted. Code 34 Subcode 102
	(0) CPU times
		Usr 0 00:34:03, Sys 0 00:19:17  -  Run Remote Usage
		Usr 0 00:00:00, Sys 0 00:00:00  -  Run Local Usage
	0  -  Run Bytes Sent By Job
	0  -  Run Bytes Received By Job
	Reason: Error from slot1_7@node2412.cluster.ldas.cit: Job has gone over cgroup memory limit of 45056 megabytes. Last measured usage: 44653 megabytes.  Consider resubmitting with a higher request_memory.
	Partitionable Resources :    Usage  Request Allocated 
	   Cpus                 :                 8         8 
	   Disk (KB)            :    17500  1048576   1048576 
	   GPUs                 :                           0 
	   Memory (MB)          :    43830    45056     45056 
	   TimeSlotBusy (s)     :     3167                    
...
001 (53899258.000.000) 2026-03-17 10:15:42 Job executing on host: <10.14.9.189:9618?addrs=10.14.9.189-9618&alias=node2189.cluster.ldas.cit&noUDP&sock=startd_4019_4737>
	SlotName: slot1_1@node2189.cluster.ldas.cit
	CondorScratchDir = "/var/lib/condor/execute/dir_3406683"
	Cpus = 8
	Disk = 1048576
	GPUs = 0
	Memory = 47104
...
006 (53899258.000.000) 2026-03-17 10:20:52 Image size of job updated: 47500000
	44196  -  MemoryUsage of job (MB)
	45255848  -  ResidentSetSize of job (KB)
...
006 (53899258.000.000) 2026-03-17 10:25:52 Image size of job updated: 47500000
	45060  -  MemoryUsage of job (MB)
	46140456  -  ResidentSetSize of job (KB)
...
006 (53899258.000.000) 2026-03-17 11:10:57 Image size of job updated: 47500000
	45069  -  MemoryUsage of job (MB)
	46150488  -  ResidentSetSize of job (KB)
...
006 (53899258.000.000) 2026-03-17 11:15:57 Image size of job updated: 47500000
	45071  -  MemoryUsage of job (MB)
	46152536  -  ResidentSetSize of job (KB)
...
006 (53899258.000.000) 2026-03-17 11:20:57 Image size of job updated: 47500000
	45141  -  MemoryUsage of job (MB)
	46223680  -  ResidentSetSize of job (KB)
...
006 (53899258.000.000) 2026-03-17 12:36:05 Image size of job updated: 47500000
	45326  -  MemoryUsage of job (MB)
	46413528  -  ResidentSetSize of job (KB)
...
006 (53899258.000.000) 2026-03-17 12:41:05 Image size of job updated: 47500000
	45332  -  MemoryUsage of job (MB)
	46419672  -  ResidentSetSize of job (KB)
...
006 (53899258.000.000) 2026-03-17 13:11:09 Image size of job updated: 47500000
	45370  -  MemoryUsage of job (MB)
	46458320  -  ResidentSetSize of job (KB)
...
006 (53899258.000.000) 2026-03-17 13:16:09 Image size of job updated: 47500000
	45376  -  MemoryUsage of job (MB)
	46464464  -  ResidentSetSize of job (KB)
...
006 (53899258.000.000) 2026-03-17 14:31:16 Image size of job updated: 47500000
	45377  -  MemoryUsage of job (MB)
	46465904  -  ResidentSetSize of job (KB)
...
006 (53899258.000.000) 2026-03-17 18:56:41 Image size of job updated: 47500000
	45508  -  MemoryUsage of job (MB)
	46599848  -  ResidentSetSize of job (KB)
...
006 (53899258.000.000) 2026-03-18 03:22:34 Image size of job updated: 47500000
	45519  -  MemoryUsage of job (MB)
	46611128  -  ResidentSetSize of job (KB)
...
006 (53899258.000.000) 2026-03-18 03:27:35 Image size of job updated: 47500000
	45523  -  MemoryUsage of job (MB)
	46615224  -  ResidentSetSize of job (KB)
...
006 (53899258.000.000) 2026-03-18 04:22:40 Image size of job updated: 47500000
	45545  -  MemoryUsage of job (MB)
	46637848  -  ResidentSetSize of job (KB)
...
006 (53899258.000.000) 2026-03-18 05:52:48 Image size of job updated: 47500000
	45550  -  MemoryUsage of job (MB)
	46642204  -  ResidentSetSize of job (KB)
...
006 (53899258.000.000) 2026-03-18 07:02:56 Image size of job updated: 47500000
	45625  -  MemoryUsage of job (MB)
	46719356  -  ResidentSetSize of job (KB)
...
004 (53899258.000.000) 2026-03-18 14:46:26 Job was evicted. Code 1019 Subcode 0
	(0) CPU times
		Usr 1 20:02:51, Sys 0 11:49:59  -  Run Remote Usage
		Usr 0 00:00:00, Sys 0 00:00:00  -  Run Local Usage
	0  -  Run Bytes Sent By Job
	0  -  Run Bytes Received By Job
	Reason: Preempted for a Priority user
	Partitionable Resources :    Usage  Request Allocated 
	   Cpus                 :                 8         8 
	   Disk (KB)            :    17500  1048576   1048576 
	   GPUs                 :                           0 
	   Memory (MB)          :    45625    47104     47104 
	   TimeExecute (s)      :   102644                    
	   TimeSlotBusy (s)     :   102644                    
...
001 (53899258.000.000) 2026-03-18 14:53:30 Job executing on host: <10.14.4.59:9618?addrs=10.14.4.59-9618&alias=node809.cluster.ldas.cit&noUDP&sock=startd_2775_ff66>
	SlotName: slot1_4@node809.cluster.ldas.cit
	CondorScratchDir = "/var/lib/condor/execute/dir_662838"
	Cpus = 8
	Disk = 1048576
	GPUs = 0
	Memory = 47104
...
004 (53899258.000.000) 2026-03-20 01:57:54 Job was evicted. Code 1019 Subcode 0
	(0) CPU times
		Usr 2 08:08:01, Sys 0 12:12:25  -  Run Remote Usage
		Usr 0 00:00:00, Sys 0 00:00:00  -  Run Local Usage
	0  -  Run Bytes Sent By Job
	0  -  Run Bytes Received By Job
	Reason: Preempted for a Priority user
	Partitionable Resources :    Usage  Request Allocated 
	   Cpus                 :                 8         8 
	   Disk (KB)            :    17500  1048576   1048576 
	   GPUs                 :                           0 
	   Memory (MB)          :    46387    47104     47104 
	   TimeExecute (s)      :   126264                    
	   TimeSlotBusy (s)     :   126266                    
...
021 (53899258.000.000) 2026-03-20 02:02:11 Error from starter on slot1_2@node803.cluster.ldas.cit:
	Failed to create LV for scratch dir
	Code 1024 Subcode 0
...
004 (53899258.000.000) 2026-03-20 02:02:11 Job was evicted. Code 1024 Subcode 0
	(0) CPU times
		Usr 0 00:00:00, Sys 0 00:00:00  -  Run Remote Usage
		Usr 0 00:00:00, Sys 0 00:00:00  -  Run Local Usage
	0  -  Run Bytes Sent By Job
	0  -  Run Bytes Received By Job
	Reason: Error from slot1_2@node803.cluster.ldas.cit: Failed to create LV for scratch dir
	Partitionable Resources :    Usage  Request Allocated 
	   Cpus                 :                 8         8 
	   Disk (KB)            :    17500  1048576   1048576 
	   GPUs                 :                           0 
	   Memory (MB)          :    46387    47104     47104 
	   TimeExecute (s)      :   126264                    
	   TimeSlotBusy (s)     :   126266                    
...
001 (53899258.000.000) 2026-03-20 02:05:44 Job executing on host: <10.14.4.42:9618?addrs=10.14.4.42-9618&alias=node792.cluster.ldas.cit&noUDP&sock=startd_2703_9c95>
	SlotName: slot1_8@node792.cluster.ldas.cit
	CondorScratchDir = "/var/lib/condor/execute/dir_2138319"
	Cpus = 8
	Disk = 1048576
	GPUs = 0
	Memory = 47104
...
004 (53899258.000.000) 2026-03-21 06:51:17 Job was evicted. Code 1019 Subcode 0
	(0) CPU times
		Usr 1 22:56:35, Sys 0 09:20:19  -  Run Remote Usage
		Usr 0 00:00:00, Sys 0 00:00:00  -  Run Local Usage
	0  -  Run Bytes Sent By Job
	0  -  Run Bytes Received By Job
	Reason: Preempted for a Priority user
	Partitionable Resources :    Usage  Request Allocated 
	   Cpus                 :                 8         8 
	   Disk (KB)            :    17500  1048576   1048576 
	   GPUs                 :                           0 
	   Memory (MB)          :    46387    47104     47104 
	   TimeExecute (s)      :   103533                    
	   TimeSlotBusy (s)     :   103533                    
...
021 (53899258.000.000) 2026-03-21 06:52:54 Error from starter on slot1_9@node823.cluster.ldas.cit:
	Failed to create LV for scratch dir
	Code 1024 Subcode 0
...
004 (53899258.000.000) 2026-03-21 06:52:54 Job was evicted. Code 1024 Subcode 0
	(0) CPU times
		Usr 0 00:00:00, Sys 0 00:00:00  -  Run Remote Usage
		Usr 0 00:00:00, Sys 0 00:00:00  -  Run Local Usage
	0  -  Run Bytes Sent By Job
	0  -  Run Bytes Received By Job
	Reason: Error from slot1_9@node823.cluster.ldas.cit: Failed to create LV for scratch dir
	Partitionable Resources :    Usage  Request Allocated 
	   Cpus                 :                 8         8 
	   Disk (KB)            :    17500  1048576   1048576 
	   GPUs                 :                           0 
	   Memory (MB)          :    46387    47104     47104 
	   TimeExecute (s)      :   103533                    
	   TimeSlotBusy (s)     :   103533                    
...
001 (53899258.000.000) 2026-03-21 06:54:13 Job executing on host: <10.14.4.73:9618?addrs=10.14.4.73-9618&alias=node823.cluster.ldas.cit&noUDP&sock=startd_2471_7a9c>
	SlotName: slot1_7@node823.cluster.ldas.cit
	CondorScratchDir = "/var/lib/condor/execute/dir_1279582"
	Cpus = 8
	Disk = 1048576
	GPUs = 0
	Memory = 47104
...
004 (53899258.000.000) 2026-03-22 08:36:22 Job was evicted. Code 1019 Subcode 0
	(0) CPU times
		Usr 1 17:34:22, Sys 0 08:46:18  -  Run Remote Usage
		Usr 0 00:00:00, Sys 0 00:00:00  -  Run Local Usage
	0  -  Run Bytes Sent By Job
	0  -  Run Bytes Received By Job
	Reason: Preempted for a Priority user
	Partitionable Resources :    Usage  Request Allocated 
	   Cpus                 :                 8         8 
	   Disk (KB)            :    17500  1048576   1048576 
	   GPUs                 :                           0 
	   Memory (MB)          :    46387    47104     47104 
	   TimeExecute (s)      :    92529                    
	   TimeSlotBusy (s)     :    92529                    
...
001 (53899258.000.000) 2026-03-22 08:37:21 Job executing on host: <10.14.4.15:9618?addrs=10.14.4.15-9618&alias=node765.cluster.ldas.cit&noUDP&sock=startd_2587_0b98>
	SlotName: slot1_1@node765.cluster.ldas.cit
	CondorScratchDir = "/var/lib/condor/execute/dir_3037509"
	Cpus = 8
	Disk = 1048576
	GPUs = 0
	Memory = 47104
...
004 (53899258.000.000) 2026-03-24 02:22:56 Job was evicted. Code 1019 Subcode 0
	(0) CPU times
		Usr 2 18:29:45, Sys 0 14:10:52  -  Run Remote Usage
		Usr 0 00:00:00, Sys 0 00:00:00  -  Run Local Usage
	0  -  Run Bytes Sent By Job
	0  -  Run Bytes Received By Job
	Reason: Preempted for a Priority user
	Partitionable Resources :    Usage  Request Allocated 
	   Cpus                 :                 8         8 
	   Disk (KB)            :    17500  1048576   1048576 
	   GPUs                 :                           0 
	   Memory (MB)          :    46387    47104     47104 
	   TimeExecute (s)      :   150335                    
	   TimeSlotBusy (s)     :   150336                    
...
001 (53899258.000.000) 2026-03-24 02:27:54 Job executing on host: <10.14.9.87:9618?addrs=10.14.9.87-9618&alias=node2087.cluster.ldas.cit&noUDP&sock=startd_9984_c5a4>
	SlotName: slot1_15@node2087.cluster.ldas.cit
	CondorScratchDir = "/var/lib/condor/execute/dir_3506113"
	Cpus = 8
	Disk = 1048576
	GPUs = 0
	Memory = 47104
...
023 (53899258.000.000) 2026-03-24 08:39:48 Job reconnected to slot1_15@node2087.cluster.ldas.cit
    startd address: <10.14.9.87:9618?addrs=10.14.9.87-9618&alias=node2087.cluster.ldas.cit&noUDP&sock=startd_9984_c5a4>
    starter address: <10.14.9.87:9618?addrs=10.14.9.87-9618&alias=node2087.cluster.ldas.cit&noUDP&sock=slot1_15_3465955_97a7_30767>
...
004 (53899258.000.000) 2026-03-24 10:17:43 Job was evicted. Code 1013 Subcode 0
	(0) CPU times
		Usr 0 12:27:58, Sys 0 02:51:42  -  Run Remote Usage
		Usr 0 00:00:00, Sys 0 00:00:00  -  Run Local Usage
	0  -  Run Bytes Sent By Job
	0  -  Run Bytes Received By Job
	Reason: Startd was shutdown
	Partitionable Resources :      Usage  Request Allocated 
	   Cpus                 :                   8         8 
	   Disk (KB)            :      17500  1048576   1048576 
	   Memory (MB)          :      46387    47104     47104 
	   TimeExecute (s)      : 1774372663                    
	   TimeSlotBusy (s)     : 1774372663                    
...
001 (53899258.000.000) 2026-03-24 10:18:42 Job executing on host: <10.14.10.9:9618?addrs=10.14.10.9-9618&alias=node2259.cluster.ldas.cit&noUDP&sock=startd_2268_3ce2>
	SlotName: slot1_5@node2259.cluster.ldas.cit
	CondorScratchDir = "/var/lib/condor/execute/dir_3038753"
	Cpus = 8
	Disk = 1048576
	GPUs = 0
	Memory = 47104
...
023 (53899258.000.000) 2026-03-24 10:24:03 Job reconnected to slot1_5@node2259.cluster.ldas.cit
    startd address: <10.14.10.9:9618?addrs=10.14.10.9-9618&alias=node2259.cluster.ldas.cit&noUDP&sock=startd_2268_3ce2>
    starter address: <10.14.10.9:9618?addrs=10.14.10.9-9618&alias=node2259.cluster.ldas.cit&noUDP&sock=slot1_5_3227_769c_33760>
...
004 (53899258.000.000) 2026-03-24 10:24:03 Job was evicted. Code 1013 Subcode 0
	(0) CPU times
		Usr 0 00:00:00, Sys 0 00:00:00  -  Run Remote Usage
		Usr 0 00:00:00, Sys 0 00:00:00  -  Run Local Usage
	0  -  Run Bytes Sent By Job
	0  -  Run Bytes Received By Job
	Reason: Startd was shutdown
	Partitionable Resources :      Usage  Request Allocated 
	   Cpus                 :                   8         8 
	   Disk (KB)            :      17500  1048576   1048576 
	   Memory (MB)          :      46387    47104     47104 
	   TimeExecute (s)      : 1774372663                    
	   TimeSlotBusy (s)     : 1774373043                    
...
001 (53899258.000.000) 2026-03-24 10:29:02 Job executing on host: <10.14.3.25:9618?addrs=10.14.3.25-9618&alias=node525.cluster.ldas.cit&noUDP&sock=startd_2806_42d6>
	SlotName: slot1_2@node525.cluster.ldas.cit
	CondorScratchDir = "/var/lib/condor/execute/dir_421960"
	Cpus = 8
	Disk = 1048576
	GPUs = 0
	Memory = 47104
...
004 (53899258.000.000) 2026-03-25 07:59:37 Job was evicted. Code 1023 Subcode 0
	(0) CPU times
		Usr 1 12:45:05, Sys 0 05:39:58  -  Run Remote Usage
		Usr 0 00:00:00, Sys 0 00:00:00  -  Run Local Usage
	0  -  Run Bytes Sent By Job
	0  -  Run Bytes Received By Job
	Reason: via condor_rm (by user jessica.irwin)
	Partitionable Resources :    Usage  Request Allocated 
	   Cpus                 :                 8         8 
	   Disk (KB)            :    17500  1048576   1048576 
	   GPUs                 :                           0 
	   Memory (MB)          :    46387    47104     47104 
	   TimeExecute (s)      :    77435                    
	   TimeSlotBusy (s)     :    77436                    
...
009 (53899258.000.000) 2026-03-25 07:59:37 Job was aborted.
	via condor_rm (by user jessica.irwin)
...
