000 (53395070.000.000) 2026-03-09 09:37:23 Job submitted from host: <10.14.0.121:9618?addrs=10.14.0.121-9618&alias=ldas-pcdev12.ligo.caltech.edu&noUDP&sock=schedd_7373_d7dd>
...
001 (53395070.000.000) 2026-03-09 09:39:04 Job executing on host: <10.14.10.38:9618?addrs=10.14.10.38-9618&alias=node2288.cluster.ldas.cit&noUDP&sock=startd_7790_dedb>
	SlotName: slot1_22@node2288.cluster.ldas.cit
	CondorScratchDir = "/var/lib/condor/execute/dir_2105775"
	Cpus = 1
	Disk = 20480
	GPUs = 0
	Memory = 20480
...
006 (53395070.000.000) 2026-03-09 09:39:04 Image size of job updated: 17500
	0  -  MemoryUsage of job (MB)
	0  -  ResidentSetSize of job (KB)
...
005 (53395070.000.000) 2026-03-09 09:39:05 Job terminated.
	(1) Normal termination (return value 2)
		Usr 0 00:00:00, Sys 0 00:00:00  -  Run Remote Usage
		Usr 0 00:00:00, Sys 0 00:00:00  -  Run Local Usage
		Usr 0 00:00:00, Sys 0 00:00:00  -  Total Remote Usage
		Usr 0 00:00:00, Sys 0 00:00:00  -  Total Local Usage
	0  -  Run Bytes Sent By Job
	0  -  Run Bytes Received By Job
	0  -  Total Bytes Sent By Job
	0  -  Total Bytes Received By Job
	Partitionable Resources :    Usage  Request Allocated 
	   Cpus                 :                 1         1 
	   Disk (KB)            :    17500    20480     20480 
	   GPUs                 :                           0 
	   Memory (MB)          :        0    20480     20480 
	   TimeExecute (s)      :        0                    
	   TimeSlotBusy (s)     :        0                    
...
000 (53395356.000.000) 2026-03-09 09:40:46 Job submitted from host: <10.14.0.121:9618?addrs=10.14.0.121-9618&alias=ldas-pcdev12.ligo.caltech.edu&noUDP&sock=schedd_7373_d7dd>
...
009 (53395356.000.000) 2026-03-09 09:41:08 Job was aborted.
	via condor_rm (by user jessica.irwin)
...
000 (53395397.000.000) 2026-03-09 09:41:18 Job submitted from host: <10.14.0.121:9618?addrs=10.14.0.121-9618&alias=ldas-pcdev12.ligo.caltech.edu&noUDP&sock=schedd_7373_d7dd>
...
001 (53395397.000.000) 2026-03-09 09:42:05 Job executing on host: <10.14.10.135:9618?addrs=10.14.10.135-9618&alias=node2385.cluster.ldas.cit&noUDP&sock=startd_2871_d87e>
	SlotName: slot1_9@node2385.cluster.ldas.cit
	CondorScratchDir = "/var/lib/condor/execute/dir_2291763"
	Cpus = 1
	Disk = 20480
	GPUs = 0
	Memory = 20480
...
006 (53395397.000.000) 2026-03-09 09:42:14 Image size of job updated: 2518692
	2460  -  MemoryUsage of job (MB)
	2518692  -  ResidentSetSize of job (KB)
...
