000 (53816611.000.000) 2026-03-16 03:05:40 Job submitted from host: <10.14.0.121:9618?addrs=10.14.0.121-9618&alias=ldas-pcdev12.ligo.caltech.edu&noUDP&sock=schedd_7367_ba4b>
...
001 (53816611.000.000) 2026-03-16 03:07:03 Job executing on host: <10.14.8.225:9618?addrs=10.14.8.225-9618&alias=node1975.cluster.ldas.cit&noUDP&sock=startd_6819_d865>
	SlotName: slot1_1@node1975.cluster.ldas.cit
	CondorScratchDir = "/var/lib/condor/execute/dir_969079"
	Cpus = 8
	Disk = 20480
	GPUs = 0
	Memory = 20480
...
006 (53816611.000.000) 2026-03-16 03:07:12 Image size of job updated: 106588
	105  -  MemoryUsage of job (MB)
	106588  -  ResidentSetSize of job (KB)
...
006 (53816611.000.000) 2026-03-16 03:12:13 Image size of job updated: 15345740
	14771  -  MemoryUsage of job (MB)
	15125112  -  ResidentSetSize of job (KB)
...
006 (53816611.000.000) 2026-03-16 03:17:13 Image size of job updated: 15529604
	14777  -  MemoryUsage of job (MB)
	15131296  -  ResidentSetSize of job (KB)
...
006 (53816611.000.000) 2026-03-16 03:32:14 Image size of job updated: 15529604
	14964  -  MemoryUsage of job (MB)
	15323044  -  ResidentSetSize of job (KB)
...
006 (53816611.000.000) 2026-03-16 03:37:14 Image size of job updated: 15531416
	14964  -  MemoryUsage of job (MB)
	15323044  -  ResidentSetSize of job (KB)
...
006 (53816611.000.000) 2026-03-16 04:07:17 Image size of job updated: 15531416
	15036  -  MemoryUsage of job (MB)
	15395916  -  ResidentSetSize of job (KB)
...
006 (53816611.000.000) 2026-03-16 04:12:17 Image size of job updated: 15531416
	15036  -  MemoryUsage of job (MB)
	15395948  -  ResidentSetSize of job (KB)
...
005 (53816611.000.000) 2026-03-16 05:40:30 Job terminated.
	(1) Normal termination (return value 1)
		Usr 0 04:40:12, Sys 0 00:24:47  -  Run Remote Usage
		Usr 0 00:00:00, Sys 0 00:00:00  -  Run Local Usage
		Usr 0 04:40:12, Sys 0 00:24:47  -  Total Remote Usage
		Usr 0 00:00:00, Sys 0 00:00:00  -  Total Local Usage
	0  -  Run Bytes Sent By Job
	0  -  Run Bytes Received By Job
	0  -  Total Bytes Sent By Job
	0  -  Total Bytes Received By Job
	Partitionable Resources :    Usage  Request Allocated 
	   Cpus                 :                 8         8 
	   Disk (KB)            :    17500    20480     20480 
	   GPUs                 :                           0 
	   Memory (MB)          :    15036    20480     20480 
	   TimeExecute (s)      :     9207                    
	   TimeSlotBusy (s)     :     9207                    
...
000 (53824410.000.000) 2026-03-16 06:02:50 Job submitted from host: <10.14.0.121:9618?addrs=10.14.0.121-9618&alias=ldas-pcdev12.ligo.caltech.edu&noUDP&sock=schedd_7367_ba4b>
...
001 (53824410.000.000) 2026-03-16 06:05:27 Job executing on host: <10.14.3.247:9618?addrs=10.14.3.247-9618&alias=node747.cluster.ldas.cit&noUDP&sock=startd_2479_f75e>
	SlotName: slot1_2@node747.cluster.ldas.cit
	CondorScratchDir = "/var/lib/condor/execute/dir_3843084"
	Cpus = 8
	Disk = 1048576
	GPUs = 0
	Memory = 30720
...
006 (53824410.000.000) 2026-03-16 06:05:35 Image size of job updated: 858764
	839  -  MemoryUsage of job (MB)
	858764  -  ResidentSetSize of job (KB)
...
